<?xml version="1.0" encoding="UTF-8"?>
<testng-results ignored="0" total="2" passed="2" failed="0" skipped="0">
  <reporter-output>
  </reporter-output>
  <suite started-at="2024-08-01T14:29:07 CDT" name="Default suite" finished-at="2024-08-01T14:29:16 CDT" duration-ms="8443">
    <groups>
    </groups>
    <test started-at="2024-08-01T14:29:07 CDT" name="Default test" finished-at="2024-08-01T14:29:16 CDT" duration-ms="8443">
      <class name="authorization.B02_UpdateBookingTest">
        <test-method is-config="true" signature="setUp()[pri:0, instance:authorization.B02_UpdateBookingTest@74d1dc36]" started-at="2024-08-01T14:29:07 CDT" name="setUp" finished-at="2024-08-01T14:29:15 CDT" duration-ms="7914" status="PASS">
          <reporter-output>
          </reporter-output>
        </test-method> <!-- setUp -->
        <test-method signature="updateBookingTest()[pri:1, instance:authorization.B02_UpdateBookingTest@74d1dc36]" started-at="2024-08-01T14:29:15 CDT" name="updateBookingTest" finished-at="2024-08-01T14:29:16 CDT" duration-ms="237" status="PASS">
          <reporter-output>
          </reporter-output>
        </test-method> <!-- updateBookingTest -->
        <test-method signature="deleteBookingTest()[pri:2, instance:authorization.B02_UpdateBookingTest@74d1dc36]" started-at="2024-08-01T14:29:16 CDT" name="deleteBookingTest" finished-at="2024-08-01T14:29:16 CDT" duration-ms="244" status="PASS">
          <reporter-output>
          </reporter-output>
        </test-method> <!-- deleteBookingTest -->
        <test-method is-config="true" signature="tearDown()[pri:0, instance:authorization.B02_UpdateBookingTest@74d1dc36]" started-at="2024-08-01T14:29:16 CDT" name="tearDown" finished-at="2024-08-01T14:29:16 CDT" duration-ms="9" status="PASS">
          <reporter-output>
          </reporter-output>
        </test-method> <!-- tearDown -->
      </class> <!-- authorization.B02_UpdateBookingTest -->
    </test> <!-- Default test -->
  </suite> <!-- Default suite -->
</testng-results>
